Log file open, 08/26/14 01:24:40
LogInit:Display: Running engine for game: ProjectSky
LogInit: Version: 4.4.1-0+UE4
LogInit: API Version: 0
LogInit: Compiled (64-bit): Aug 24 2014 23:57:45
LogInit: Build Configuration: Development
LogInit: Branch Name: UE4
LogInit: Command line: 
LogInit: Base directory: /home/oliver/Git/UnrealEngine/Engine/Binaries/Linux/
LogInit: Rocket: 0
[2014.08.25-17.24.40:941][  0]LogTaskGraph: Started task graph with 3 named threads and 4 total threads.
[2014.08.25-17.24.40:948][  0]LogOnline:Warning: No default platform service specified for OnlineSubsystem
[2014.08.25-17.24.40:992][  0]LogInit: Presizing for 0 objects not considered by GC, pre-allocating 0 bytes.
[2014.08.25-17.24.40:998][  0]LogInit: Object subsystem initialized
[2014.08.25-17.24.41:000][  0]LogInit: Selected Device Profile: [Linux]
[2014.08.25-17.24.41:000][  0]LogInit: Applying CVar settings loaded from the selected device profile: [Linux]
[2014.08.25-17.24.41:022][  0]LogInit: Initializing SDL.
[2014.08.25-17.24.41:288][  0]LogInit:  - Physical RAM available (not considering process quota): 12 GB (11903 MB, 12188748 KB, 12481277952 bytes)
[2014.08.25-17.24.41:624][  0]LogRHI:Warning: disabling reporting back of debug groups and markers to the OpenGL debug output callback
[2014.08.25-17.24.41:720][  0]LogRHI:Warning: disabling reporting back of debug groups and markers to the OpenGL debug output callback
[2014.08.25-17.24.41:720][  0]LogRHI: Initializing OpenGL RHI
[2014.08.25-17.24.41:720][  0]LogRHI:   GL_VENDOR: ATI Technologies Inc.
[2014.08.25-17.24.41:720][  0]LogRHI:   GL_RENDERER: AMD Radeon HD 8600/8700M
[2014.08.25-17.24.41:720][  0]LogRHI:   GL_VERSION: 3.2.12798 Core Profile Forward-Compatible Context 13.35.1005
[2014.08.25-17.24.41:720][  0]LogRHI:   GL_SHADING_LANGUAGE_VERSION: 4.30
[2014.08.25-17.24.41:722][  0]LogRHI: OpenGL Extensions:
[2014.08.25-17.24.41:722][  0]LogRHI:   GL_AMDX_debug_output
[2014.08.25-17.24.41:722][  0]LogRHI:   GL_AMD_blend_minmax_factor
[2014.08.25-17.24.41:722][  0]LogRHI:   GL_AMD_conservative_depth
[2014.08.25-17.24.41:722][  0]LogRHI:   GL_AMD_debug_output
[2014.08.25-17.24.41:722][  0]LogRHI:   GL_AMD_depth_clamp_separate
[2014.08.25-17.24.41:722][  0]LogRHI:   GL_AMD_draw_buffers_blend
[2014.08.25-17.24.41:722][  0]LogRHI:   GL_AMD_framebuffer_sample_positions
[2014.08.25-17.24.41:722][  0]LogRHI:   GL_AMD_gcn_shader
[2014.08.25-17.24.41:722][  0]LogRHI:   GL_AMD_gpu_shader_int64
[2014.08.25-17.24.41:722][  0]LogRHI:   GL_AMD_interleaved_elements
[2014.08.25-17.24.41:722][  0]LogRHI:   GL_AMD_multi_draw_indirect
[2014.08.25-17.24.41:722][  0]LogRHI:   GL_AMD_name_gen_delete
[2014.08.25-17.24.41:722][  0]LogRHI:   GL_AMD_performance_monitor
[2014.08.25-17.24.41:723][  0]LogRHI:   GL_AMD_pinned_memory
[2014.08.25-17.24.41:723][  0]LogRHI:   GL_AMD_query_buffer_object
[2014.08.25-17.24.41:723][  0]LogRHI:   GL_AMD_sample_positions
[2014.08.25-17.24.41:723][  0]LogRHI:   GL_AMD_seamless_cubemap_per_texture
[2014.08.25-17.24.41:723][  0]LogRHI:   GL_AMD_shader_atomic_counter_ops
[2014.08.25-17.24.41:723][  0]LogRHI:   GL_AMD_shader_stencil_export
[2014.08.25-17.24.41:723][  0]LogRHI:   GL_AMD_shader_stencil_value_export
[2014.08.25-17.24.41:723][  0]LogRHI:   GL_AMD_shader_trace
[2014.08.25-17.24.41:723][  0]LogRHI:   GL_AMD_shader_trinary_minmax
[2014.08.25-17.24.41:723][  0]LogRHI:   GL_AMD_stencil_operation_extended
[2014.08.25-17.24.41:723][  0]LogRHI:   GL_AMD_texture_cube_map_array
[2014.08.25-17.24.41:723][  0]LogRHI:   GL_AMD_texture_texture4
[2014.08.25-17.24.41:723][  0]LogRHI:   GL_AMD_transform_feedback3_lines_triangles
[2014.08.25-17.24.41:723][  0]LogRHI:   GL_AMD_transform_feedback4
[2014.08.25-17.24.41:723][  0]LogRHI:   GL_AMD_vertex_shader_layer
[2014.08.25-17.24.41:723][  0]LogRHI:   GL_AMD_vertex_shader_viewport_index
[2014.08.25-17.24.41:723][  0]LogRHI:   GL_ARB_ES2_compatibility
[2014.08.25-17.24.41:723][  0]LogRHI:   GL_ARB_ES3_compatibility
[2014.08.25-17.24.41:724][  0]LogRHI:   GL_ARB_arrays_of_arrays
[2014.08.25-17.24.41:724][  0]LogRHI:   GL_ARB_base_instance
[2014.08.25-17.24.41:724][  0]LogRHI:   GL_ARB_blend_func_extended
[2014.08.25-17.24.41:724][  0]LogRHI:   GL_ARB_clear_buffer_object
[2014.08.25-17.24.41:724][  0]LogRHI:   GL_ARB_clear_texture
[2014.08.25-17.24.41:724][  0]LogRHI:   GL_ARB_color_buffer_float
[2014.08.25-17.24.41:724][  0]LogRHI:   GL_ARB_compressed_texture_pixel_storage
[2014.08.25-17.24.41:724][  0]LogRHI:   GL_ARB_compute_shader
[2014.08.25-17.24.41:724][  0]LogRHI:   GL_ARB_conservative_depth
[2014.08.25-17.24.41:724][  0]LogRHI:   GL_ARB_copy_buffer
[2014.08.25-17.24.41:724][  0]LogRHI:   GL_ARB_copy_image
[2014.08.25-17.24.41:724][  0]LogRHI:   GL_ARB_debug_output
[2014.08.25-17.24.41:724][  0]LogRHI:   GL_ARB_depth_buffer_float
[2014.08.25-17.24.41:724][  0]LogRHI:   GL_ARB_depth_clamp
[2014.08.25-17.24.41:724][  0]LogRHI:   GL_ARB_depth_texture
[2014.08.25-17.24.41:724][  0]LogRHI:   GL_ARB_draw_buffers
[2014.08.25-17.24.41:724][  0]LogRHI:   GL_ARB_draw_buffers_blend
[2014.08.25-17.24.41:724][  0]LogRHI:   GL_ARB_draw_elements_base_vertex
[2014.08.25-17.24.41:724][  0]LogRHI:   GL_ARB_draw_indirect
[2014.08.25-17.24.41:725][  0]LogRHI:   GL_ARB_draw_instanced
[2014.08.25-17.24.41:725][  0]LogRHI:   GL_ARB_explicit_attrib_location
[2014.08.25-17.24.41:725][  0]LogRHI:   GL_ARB_explicit_uniform_location
[2014.08.25-17.24.41:725][  0]LogRHI:   GL_ARB_fragment_coord_conventions
[2014.08.25-17.24.41:725][  0]LogRHI:   GL_ARB_fragment_layer_viewport
[2014.08.25-17.24.41:725][  0]LogRHI:   GL_ARB_fragment_program
[2014.08.25-17.24.41:725][  0]LogRHI:   GL_ARB_fragment_program_shadow
[2014.08.25-17.24.41:725][  0]LogRHI:   GL_ARB_fragment_shader
[2014.08.25-17.24.41:725][  0]LogRHI:   GL_ARB_framebuffer_no_attachments
[2014.08.25-17.24.41:725][  0]LogRHI:   GL_ARB_framebuffer_object
[2014.08.25-17.24.41:725][  0]LogRHI:   GL_ARB_framebuffer_sRGB
[2014.08.25-17.24.41:725][  0]LogRHI:   GL_ARB_geometry_shader4
[2014.08.25-17.24.41:725][  0]LogRHI:   GL_ARB_get_program_binary
[2014.08.25-17.24.41:725][  0]LogRHI:   GL_ARB_gpu_shader5
[2014.08.25-17.24.41:725][  0]LogRHI:   GL_ARB_gpu_shader_fp64
[2014.08.25-17.24.41:725][  0]LogRHI:   GL_ARB_half_float_pixel
[2014.08.25-17.24.41:725][  0]LogRHI:   GL_ARB_half_float_vertex
[2014.08.25-17.24.41:725][  0]LogRHI:   GL_ARB_imaging
[2014.08.25-17.24.41:725][  0]LogRHI:   GL_ARB_instanced_arrays
[2014.08.25-17.24.41:725][  0]LogRHI:   GL_ARB_internalformat_query
[2014.08.25-17.24.41:725][  0]LogRHI:   GL_ARB_internalformat_query2
[2014.08.25-17.24.41:725][  0]LogRHI:   GL_ARB_invalidate_subdata
[2014.08.25-17.24.41:725][  0]LogRHI:   GL_ARB_map_buffer_alignment
[2014.08.25-17.24.41:725][  0]LogRHI:   GL_ARB_map_buffer_range
[2014.08.25-17.24.41:725][  0]LogRHI:   GL_ARB_multi_bind
[2014.08.25-17.24.41:725][  0]LogRHI:   GL_ARB_multi_draw_indirect
[2014.08.25-17.24.41:725][  0]LogRHI:   GL_ARB_multisample
[2014.08.25-17.24.41:725][  0]LogRHI:   GL_ARB_multitexture
[2014.08.25-17.24.41:725][  0]LogRHI:   GL_ARB_occlusion_query
[2014.08.25-17.24.41:725][  0]LogRHI:   GL_ARB_occlusion_query2
[2014.08.25-17.24.41:725][  0]LogRHI:   GL_ARB_pixel_buffer_object
[2014.08.25-17.24.41:725][  0]LogRHI:   GL_ARB_point_parameters
[2014.08.25-17.24.41:726][  0]LogRHI:   GL_ARB_point_sprite
[2014.08.25-17.24.41:726][  0]LogRHI:   GL_ARB_program_interface_query
[2014.08.25-17.24.41:726][  0]LogRHI:   GL_ARB_provoking_vertex
[2014.08.25-17.24.41:726][  0]LogRHI:   GL_ARB_query_buffer_object
[2014.08.25-17.24.41:726][  0]LogRHI:   GL_ARB_sample_shading
[2014.08.25-17.24.41:726][  0]LogRHI:   GL_ARB_sampler_objects
[2014.08.25-17.24.41:726][  0]LogRHI:   GL_ARB_seamless_cube_map
[2014.08.25-17.24.41:726][  0]LogRHI:   GL_ARB_seamless_cubemap_per_texture
[2014.08.25-17.24.41:726][  0]LogRHI:   GL_ARB_separate_shader_objects
[2014.08.25-17.24.41:726][  0]LogRHI:   GL_ARB_shader_atomic_counters
[2014.08.25-17.24.41:726][  0]LogRHI:   GL_ARB_shader_bit_encoding
[2014.08.25-17.24.41:726][  0]LogRHI:   GL_ARB_shader_group_vote
[2014.08.25-17.24.41:726][  0]LogRHI:   GL_ARB_shader_image_load_store
[2014.08.25-17.24.41:726][  0]LogRHI:   GL_ARB_shader_image_size
[2014.08.25-17.24.41:726][  0]LogRHI:   GL_ARB_shader_objects
[2014.08.25-17.24.41:726][  0]LogRHI:   GL_ARB_shader_precision
[2014.08.25-17.24.41:726][  0]LogRHI:   GL_ARB_shader_stencil_export
[2014.08.25-17.24.41:726][  0]LogRHI:   GL_ARB_shader_storage_buffer_object
[2014.08.25-17.24.41:726][  0]LogRHI:   GL_ARB_shader_subroutine
[2014.08.25-17.24.41:726][  0]LogRHI:   GL_ARB_shader_texture_lod
[2014.08.25-17.24.41:726][  0]LogRHI:   GL_ARB_shading_language_100
[2014.08.25-17.24.41:726][  0]LogRHI:   GL_ARB_shading_language_420pack
[2014.08.25-17.24.41:726][  0]LogRHI:   GL_ARB_shading_language_packing
[2014.08.25-17.24.41:726][  0]LogRHI:   GL_ARB_shadow
[2014.08.25-17.24.41:726][  0]LogRHI:   GL_ARB_shadow_ambient
[2014.08.25-17.24.41:726][  0]LogRHI:   GL_ARB_stencil_texturing
[2014.08.25-17.24.41:726][  0]LogRHI:   GL_ARB_sync
[2014.08.25-17.24.41:726][  0]LogRHI:   GL_ARB_tessellation_shader
[2014.08.25-17.24.41:726][  0]LogRHI:   GL_ARB_texture_border_clamp
[2014.08.25-17.24.41:726][  0]LogRHI:   GL_ARB_texture_buffer_object
[2014.08.25-17.24.41:726][  0]LogRHI:   GL_ARB_texture_buffer_object_rgb32
[2014.08.25-17.24.41:726][  0]LogRHI:   GL_ARB_texture_buffer_range
[2014.08.25-17.24.41:726][  0]LogRHI:   GL_ARB_texture_compression
[2014.08.25-17.24.41:726][  0]LogRHI:   GL_ARB_texture_compression_bptc
[2014.08.25-17.24.41:726][  0]LogRHI:   GL_ARB_texture_compression_rgtc
[2014.08.25-17.24.41:727][  0]LogRHI:   GL_ARB_texture_cube_map
[2014.08.25-17.24.41:727][  0]LogRHI:   GL_ARB_texture_cube_map_array
[2014.08.25-17.24.41:727][  0]LogRHI:   GL_ARB_texture_env_add
[2014.08.25-17.24.41:727][  0]LogRHI:   GL_ARB_texture_env_combine
[2014.08.25-17.24.41:727][  0]LogRHI:   GL_ARB_texture_env_crossbar
[2014.08.25-17.24.41:727][  0]LogRHI:   GL_ARB_texture_env_dot3
[2014.08.25-17.24.41:727][  0]LogRHI:   GL_ARB_texture_float
[2014.08.25-17.24.41:727][  0]LogRHI:   GL_ARB_texture_gather
[2014.08.25-17.24.41:727][  0]LogRHI:   GL_ARB_texture_mirror_clamp_to_edge
[2014.08.25-17.24.41:727][  0]LogRHI:   GL_ARB_texture_mirrored_repeat
[2014.08.25-17.24.41:727][  0]LogRHI:   GL_ARB_texture_multisample
[2014.08.25-17.24.41:727][  0]LogRHI:   GL_ARB_texture_non_power_of_two
[2014.08.25-17.24.41:727][  0]LogRHI:   GL_ARB_texture_query_levels
[2014.08.25-17.24.41:727][  0]LogRHI:   GL_ARB_texture_query_lod
[2014.08.25-17.24.41:727][  0]LogRHI:   GL_ARB_texture_rectangle
[2014.08.25-17.24.41:727][  0]LogRHI:   GL_ARB_texture_rg
[2014.08.25-17.24.41:727][  0]LogRHI:   GL_ARB_texture_rgb10_a2ui
[2014.08.25-17.24.41:727][  0]LogRHI:   GL_ARB_texture_snorm
[2014.08.25-17.24.41:727][  0]LogRHI:   GL_ARB_texture_storage
[2014.08.25-17.24.41:727][  0]LogRHI:   GL_ARB_texture_storage_multisample
[2014.08.25-17.24.41:727][  0]LogRHI:   GL_ARB_texture_swizzle
[2014.08.25-17.24.41:727][  0]LogRHI:   GL_ARB_texture_view
[2014.08.25-17.24.41:727][  0]LogRHI:   GL_ARB_timer_query
[2014.08.25-17.24.41:727][  0]LogRHI:   GL_ARB_transform_feedback2
[2014.08.25-17.24.41:727][  0]LogRHI:   GL_ARB_transform_feedback3
[2014.08.25-17.24.41:727][  0]LogRHI:   GL_ARB_transform_feedback_instanced
[2014.08.25-17.24.41:727][  0]LogRHI:   GL_ARB_transpose_matrix
[2014.08.25-17.24.41:727][  0]LogRHI:   GL_ARB_uniform_buffer_object
[2014.08.25-17.24.41:727][  0]LogRHI:   GL_ARB_vertex_array_bgra
[2014.08.25-17.24.41:727][  0]LogRHI:   GL_ARB_vertex_array_object
[2014.08.25-17.24.41:727][  0]LogRHI:   GL_ARB_vertex_attrib_64bit
[2014.08.25-17.24.41:727][  0]LogRHI:   GL_ARB_vertex_attrib_binding
[2014.08.25-17.24.41:727][  0]LogRHI:   GL_ARB_vertex_buffer_object
[2014.08.25-17.24.41:727][  0]LogRHI:   GL_ARB_vertex_program
[2014.08.25-17.24.41:727][  0]LogRHI:   GL_ARB_vertex_shader
[2014.08.25-17.24.41:727][  0]LogRHI:   GL_ARB_vertex_type_10f_11f_11f_rev
[2014.08.25-17.24.41:727][  0]LogRHI:   GL_ARB_vertex_type_2_10_10_10_rev
[2014.08.25-17.24.41:728][  0]LogRHI:   GL_ARB_viewport_array
[2014.08.25-17.24.41:728][  0]LogRHI:   GL_ARB_window_pos
[2014.08.25-17.24.41:728][  0]LogRHI:   GL_ATI_draw_buffers
[2014.08.25-17.24.41:728][  0]LogRHI:   GL_ATI_envmap_bumpmap
[2014.08.25-17.24.41:728][  0]LogRHI:   GL_ATI_fragment_shader
[2014.08.25-17.24.41:728][  0]LogRHI:   GL_ATI_meminfo
[2014.08.25-17.24.41:728][  0]LogRHI:   GL_ATI_separate_stencil
[2014.08.25-17.24.41:728][  0]LogRHI:   GL_ATI_texture_compression_3dc
[2014.08.25-17.24.41:728][  0]LogRHI:   GL_ATI_texture_env_combine3
[2014.08.25-17.24.41:728][  0]LogRHI:   GL_ATI_texture_float
[2014.08.25-17.24.41:728][  0]LogRHI:   GL_ATI_texture_mirror_once
[2014.08.25-17.24.41:728][  0]LogRHI:   GL_EXT_abgr
[2014.08.25-17.24.41:728][  0]LogRHI:   GL_EXT_bgra
[2014.08.25-17.24.41:728][  0]LogRHI:   GL_EXT_bindable_uniform
[2014.08.25-17.24.41:728][  0]LogRHI:   GL_EXT_blend_color
[2014.08.25-17.24.41:728][  0]LogRHI:   GL_EXT_blend_equation_separate
[2014.08.25-17.24.41:728][  0]LogRHI:   GL_EXT_blend_func_separate
[2014.08.25-17.24.41:728][  0]LogRHI:   GL_EXT_blend_minmax
[2014.08.25-17.24.41:728][  0]LogRHI:   GL_EXT_blend_subtract
[2014.08.25-17.24.41:728][  0]LogRHI:   GL_EXT_compiled_vertex_array
[2014.08.25-17.24.41:728][  0]LogRHI:   GL_EXT_copy_buffer
[2014.08.25-17.24.41:728][  0]LogRHI:   GL_EXT_copy_texture
[2014.08.25-17.24.41:728][  0]LogRHI:   GL_EXT_depth_bounds_test
[2014.08.25-17.24.41:728][  0]LogRHI:   GL_EXT_direct_state_access
[2014.08.25-17.24.41:728][  0]LogRHI:   GL_EXT_draw_buffers2
[2014.08.25-17.24.41:728][  0]LogRHI:   GL_EXT_draw_instanced
[2014.08.25-17.24.41:728][  0]LogRHI:   GL_EXT_draw_range_elements
[2014.08.25-17.24.41:728][  0]LogRHI:   GL_EXT_fog_coord
[2014.08.25-17.24.41:728][  0]LogRHI:   GL_EXT_framebuffer_blit
[2014.08.25-17.24.41:728][  0]LogRHI:   GL_EXT_framebuffer_multisample
[2014.08.25-17.24.41:728][  0]LogRHI:   GL_EXT_framebuffer_object
[2014.08.25-17.24.41:728][  0]LogRHI:   GL_EXT_framebuffer_sRGB
[2014.08.25-17.24.41:728][  0]LogRHI:   GL_EXT_geometry_shader4
[2014.08.25-17.24.41:728][  0]LogRHI:   GL_EXT_gpu_program_parameters
[2014.08.25-17.24.41:728][  0]LogRHI:   GL_EXT_gpu_shader4
[2014.08.25-17.24.41:728][  0]LogRHI:   GL_EXT_histogram
[2014.08.25-17.24.41:729][  0]LogRHI:   GL_EXT_multi_draw_arrays
[2014.08.25-17.24.41:729][  0]LogRHI:   GL_EXT_packed_depth_stencil
[2014.08.25-17.24.41:729][  0]LogRHI:   GL_EXT_packed_float
[2014.08.25-17.24.41:729][  0]LogRHI:   GL_EXT_packed_pixels
[2014.08.25-17.24.41:729][  0]LogRHI:   GL_EXT_pixel_buffer_object
[2014.08.25-17.24.41:729][  0]LogRHI:   GL_EXT_point_parameters
[2014.08.25-17.24.41:729][  0]LogRHI:   GL_EXT_provoking_vertex
[2014.08.25-17.24.41:729][  0]LogRHI:   GL_EXT_rescale_normal
[2014.08.25-17.24.41:729][  0]LogRHI:   GL_EXT_secondary_color
[2014.08.25-17.24.41:729][  0]LogRHI:   GL_EXT_separate_specular_color
[2014.08.25-17.24.41:729][  0]LogRHI:   GL_EXT_shader_image_load_store
[2014.08.25-17.24.41:729][  0]LogRHI:   GL_EXT_shader_integer_mix
[2014.08.25-17.24.41:729][  0]LogRHI:   GL_EXT_shadow_funcs
[2014.08.25-17.24.41:729][  0]LogRHI:   GL_EXT_stencil_wrap
[2014.08.25-17.24.41:729][  0]LogRHI:   GL_EXT_subtexture
[2014.08.25-17.24.41:729][  0]LogRHI:   GL_EXT_texgen_reflection
[2014.08.25-17.24.41:729][  0]LogRHI:   GL_EXT_texture3D
[2014.08.25-17.24.41:729][  0]LogRHI:   GL_EXT_texture_array
[2014.08.25-17.24.41:729][  0]LogRHI:   GL_EXT_texture_buffer_object
[2014.08.25-17.24.41:729][  0]LogRHI:   GL_EXT_texture_compression_bptc
[2014.08.25-17.24.41:729][  0]LogRHI:   GL_EXT_texture_compression_latc
[2014.08.25-17.24.41:729][  0]LogRHI:   GL_EXT_texture_compression_rgtc
[2014.08.25-17.24.41:729][  0]LogRHI:   GL_EXT_texture_compression_s3tc
[2014.08.25-17.24.41:729][  0]LogRHI:   GL_EXT_texture_cube_map
[2014.08.25-17.24.41:729][  0]LogRHI:   GL_EXT_texture_edge_clamp
[2014.08.25-17.24.41:729][  0]LogRHI:   GL_EXT_texture_env_add
[2014.08.25-17.24.41:729][  0]LogRHI:   GL_EXT_texture_env_combine
[2014.08.25-17.24.41:729][  0]LogRHI:   GL_EXT_texture_env_dot3
[2014.08.25-17.24.41:729][  0]LogRHI:   GL_EXT_texture_filter_anisotropic
[2014.08.25-17.24.41:729][  0]LogRHI:   GL_EXT_texture_integer
[2014.08.25-17.24.41:729][  0]LogRHI:   GL_EXT_texture_lod
[2014.08.25-17.24.41:729][  0]LogRHI:   GL_EXT_texture_lod_bias
[2014.08.25-17.24.41:729][  0]LogRHI:   GL_EXT_texture_mirror_clamp
[2014.08.25-17.24.41:729][  0]LogRHI:   GL_EXT_texture_object
[2014.08.25-17.24.41:729][  0]LogRHI:   GL_EXT_texture_rectangle
[2014.08.25-17.24.41:729][  0]LogRHI:   GL_EXT_texture_sRGB
[2014.08.25-17.24.41:730][  0]LogRHI:   GL_EXT_texture_sRGB_decode
[2014.08.25-17.24.41:730][  0]LogRHI:   GL_EXT_texture_shared_exponent
[2014.08.25-17.24.41:730][  0]LogRHI:   GL_EXT_texture_snorm
[2014.08.25-17.24.41:730][  0]LogRHI:   GL_EXT_texture_storage
[2014.08.25-17.24.41:730][  0]LogRHI:   GL_EXT_texture_swizzle
[2014.08.25-17.24.41:730][  0]LogRHI:   GL_EXT_timer_query
[2014.08.25-17.24.41:730][  0]LogRHI:   GL_EXT_transform_feedback
[2014.08.25-17.24.41:730][  0]LogRHI:   GL_EXT_vertex_array
[2014.08.25-17.24.41:730][  0]LogRHI:   GL_EXT_vertex_array_bgra
[2014.08.25-17.24.41:730][  0]LogRHI:   GL_EXT_vertex_attrib_64bit
[2014.08.25-17.24.41:730][  0]LogRHI:   GL_IBM_texture_mirrored_repeat
[2014.08.25-17.24.41:730][  0]LogRHI:   GL_INTEL_fragment_shader_ordering
[2014.08.25-17.24.41:730][  0]LogRHI:   GL_KHR_debug
[2014.08.25-17.24.41:730][  0]LogRHI:   GL_KTX_buffer_region
[2014.08.25-17.24.41:730][  0]LogRHI:   GL_NV_blend_square
[2014.08.25-17.24.41:730][  0]LogRHI:   GL_NV_conditional_render
[2014.08.25-17.24.41:730][  0]LogRHI:   GL_NV_copy_depth_to_color
[2014.08.25-17.24.41:730][  0]LogRHI:   GL_NV_copy_image
[2014.08.25-17.24.41:730][  0]LogRHI:   GL_NV_depth_buffer_float
[2014.08.25-17.24.41:730][  0]LogRHI:   GL_NV_explicit_multisample
[2014.08.25-17.24.41:730][  0]LogRHI:   GL_NV_float_buffer
[2014.08.25-17.24.41:730][  0]LogRHI:   GL_NV_half_float
[2014.08.25-17.24.41:730][  0]LogRHI:   GL_NV_primitive_restart
[2014.08.25-17.24.41:730][  0]LogRHI:   GL_NV_texgen_reflection
[2014.08.25-17.24.41:730][  0]LogRHI:   GL_NV_texture_barrier
[2014.08.25-17.24.41:730][  0]LogRHI:   GL_SGIS_generate_mipmap
[2014.08.25-17.24.41:730][  0]LogRHI:   GL_SGIS_texture_edge_clamp
[2014.08.25-17.24.41:730][  0]LogRHI:   GL_SGIS_texture_lod
[2014.08.25-17.24.41:730][  0]LogRHI:   GL_SUN_multi_draw_arrays
[2014.08.25-17.24.41:730][  0]LogRHI:   GL_WIN_swap_hint
[2014.08.25-17.24.41:733][  0]LogRHI:   GL_MAX_TEXTURE_SIZE: 16384
[2014.08.25-17.24.41:733][  0]LogRHI:   GL_MAX_CUBE_MAP_TEXTURE_SIZE: 16384
[2014.08.25-17.24.41:733][  0]LogRHI:   GL_MAX_ARRAY_TEXTURE_LAYERS: 2048
[2014.08.25-17.24.41:733][  0]LogRHI:   GL_MAX_3D_TEXTURE_SIZE: 2048
[2014.08.25-17.24.41:733][  0]LogRHI:   GL_MAX_RENDERBUFFER_SIZE: 16384
[2014.08.25-17.24.41:733][  0]LogRHI:   GL_MAX_TEXTURE_IMAGE_UNITS: 32
[2014.08.25-17.24.41:733][  0]LogRHI:   GL_MAX_DRAW_BUFFERS: 8
[2014.08.25-17.24.41:733][  0]LogRHI:   GL_MAX_COLOR_ATTACHMENTS: 8
[2014.08.25-17.24.41:733][  0]LogRHI:   GL_MAX_SAMPLES: 8
[2014.08.25-17.24.41:733][  0]LogRHI:   GL_MAX_COLOR_TEXTURE_SAMPLES: 8
[2014.08.25-17.24.41:733][  0]LogRHI:   GL_MAX_DEPTH_TEXTURE_SAMPLES: 8
[2014.08.25-17.24.41:733][  0]LogRHI:   GL_MAX_INTEGER_SAMPLES: 8
[2014.08.25-17.24.41:733][  0]LogRHI:   GL_MAX_COMBINED_TEXTURE_IMAGE_UNITS: 192
[2014.08.25-17.24.41:733][  0]LogRHI:   GL_MAX_VERTEX_ATTRIBS: 29
[2014.08.25-17.24.41:733][  0]LogRHI:   GL_MAX_TEXTURE_MAX_ANISOTROPY_EXT: 16
[2014.08.25-17.24.41:733][  0]LogRHI: OpenGL MajorVersion = 3, MinorVersion = 2, ShaderPlatform = GLSL_150, FeatureLevel = SM4
[2014.08.25-17.24.41:811][  0]LogContentStreaming: Texture pool size is 0.000000MB
[2014.08.25-17.24.43:152][  0]LogTargetPlatformManager:Display: Building Assets For Linux
[2014.08.25-17.24.43:595][  0]LogTargetPlatformManager:Display: Building Assets For Linux
[2014.08.25-17.24.43:618][  0]LogDerivedDataCache:Display: Max Cache Size: 512 MB
[2014.08.25-17.24.43:618][  0]LogDerivedDataCache:Warning: Could not find memory cache ../../../../ProjectSky.Unreal/ProjectSky/DerivedDataCache/Boot.ddc.
[2014.08.25-17.24.43:618][  0]LogDerivedDataCache:Warning: Could not load Boot cache: ../../../../ProjectSky.Unreal/ProjectSky/DerivedDataCache/Boot.ddc
[2014.08.25-17.24.43:618][  0]LogDerivedDataCache: FDerivedDataBackendGraph:  Pak pak cache file ../../../../ProjectSky.Unreal/ProjectSky/DerivedDataCache/DDC.ddp not found, will not use a pak cache.
[2014.08.25-17.24.43:618][  0]LogDerivedDataCache: Unable to find inner node Pak for hierarchical cache Hierarchy.
[2014.08.25-17.24.43:618][  0]LogDerivedDataCache: FDerivedDataBackendGraph:  EnginePak pak cache file ../../../Engine/DerivedDataCache/DDC.ddp not found, will not use a pak cache.
[2014.08.25-17.24.43:619][  0]LogDerivedDataCache: Unable to find inner node EnginePak for hierarchical cache Hierarchy.
[2014.08.25-17.24.43:619][  0]LogDerivedDataCache: Using Local data cache path ../../../Engine/DerivedDataCache: Writable
[2014.08.25-17.24.43:619][  0]LogDerivedDataCache: Shared data cache path not found in *engine.ini, will not use an Shared cache.
[2014.08.25-17.24.43:619][  0]LogDerivedDataCache: Unable to find inner node Shared for hierarchical cache Hierarchy.
[2014.08.25-17.24.43:889][  0]LogHAL: Linux SourceCodeAccessSettings: SublimeEditorSourceCodeAccessor
[2014.08.25-17.24.44:687][  0]LogMeshUtilities: No automatic mesh reduction module available
[2014.08.25-17.24.44:687][  0]LogMeshUtilities: No automatic mesh merging module available
[2014.08.25-17.24.47:331][  0]LogModuleManager:Warning: ModuleManager: Unable to load module 'SteamController' because the file '/home/oliver/Git/UnrealEngine/Engine/Binaries/Linux/' was not found.
[2014.08.25-17.24.49:103][  0]LogStreaming:Warning: Failed to read file '../../../Engine/Content/Editor/Slate/Icons/ActorIcons/Box_16px.png' error.
[2014.08.25-17.24.49:103][  0]LogSlate: Could not find file for Slate resource: ../../../Engine/Content/Editor/Slate/Icons/ActorIcons/Box_16px.png
[2014.08.25-17.24.49:509][  0]UdpMessaging: Initializing bridge on interface 0.0.0.0:0 to multicast group 230.0.0.1:6666.
[2014.08.25-17.24.50:279][  0]LogAssetRegistry: FAssetRegistry took 0.0002 seconds to start up
[2014.08.25-17.24.53:848][  0]BlueprintLog: New page: Editor Load
[2014.08.25-17.24.55:885][  0]SourceControl: Info Source control is disabled
[2014.08.25-17.24.55:885][  0]SourceControl: Info Source control is disabled
[2014.08.25-17.24.55:888][  0]SourceControl: Info Source control is disabled
[2014.08.25-17.24.55:899][  0]LogObj: 23403 objects as part of root set at end of initial load.
[2014.08.25-17.24.55:899][  0]LogUObjectAllocator: 4837824 out of 0 bytes used by permanent object pool.
[2014.08.25-17.24.56:459][  0]LogEngine: Initializing Engine...
[2014.08.25-17.24.56:981][  0]LogALAudio: ALAudio device opened : OpenAL Soft
[2014.08.25-17.24.56:983][  0]LogALAudio: AL_VENDOR      : OpenAL Community
[2014.08.25-17.24.56:983][  0]LogALAudio: AL_RENDERER    : OpenAL Soft
[2014.08.25-17.24.56:983][  0]LogALAudio: AL_VERSION     : 1.1 ALSOFT 1.14
[2014.08.25-17.24.56:983][  0]LogALAudio: AL_EXTENSIONS  : AL_EXT_ALAW AL_EXT_DOUBLE AL_EXT_EXPONENT_DISTANCE AL_EXT_FLOAT32 AL_EXT_IMA4 AL_EXT_LINEAR_DISTANCE AL_EXT_MCFORMATS AL_EXT_MULAW AL_EXT_MULAW_MCFORMATS AL_EXT_OFFSET AL_EXT_source_distance_model AL_LOKI_quadriphonic AL_SOFT_buffer_samples AL_SOFT_buffer_sub_data AL_SOFTX_deferred_updates AL_SOFT_direct_channels AL_SOFT_loop_points
[2014.08.25-17.24.56:983][  0]LogInit: FAudioDevice initialized.
[2014.08.25-17.24.57:312][  0]LogAIModule: Creating AISystem for world NewWorld
[2014.08.25-17.24.57:417][  0]LogDerivedDataCache: Saved boot cache 0.10s 66MB ../../../../ProjectSky.Unreal/ProjectSky/DerivedDataCache/Boot.ddc.
[2014.08.25-17.24.57:417][  0]LogInit: Texture streaming: Enabled
[2014.08.25-17.24.57:664][  0]LogInit: Transaction tracking system initialized
[2014.08.25-17.24.59:014][  0]LogModuleManager:Warning: STUBBED: solution file path for Linux
[2014.08.25-17.25.01:601][  0]LogTargetPlatformManager:Display: Building Assets For Linux
[2014.08.25-17.25.02:175][  0]LogTargetPlatformManager:Display: Building Assets For Linux
[2014.08.25-17.25.02:190][  0]LogModuleManager:Warning: ModuleManager: Unable to load module 'AndroidRuntimeSettings' because the file '/home/oliver/Git/UnrealEngine/Engine/Binaries/Linux/' was not found.
[2014.08.25-17.25.02:193][  0]LogModuleManager:Warning: ModuleManager: Unable to load module 'AndroidPlatformEditor' because the file '/home/oliver/Git/UnrealEngine/Engine/Binaries/Linux/' was not found.
[2014.08.25-17.25.02:195][  0]LogModuleManager:Warning: ModuleManager: Unable to load module 'IOSRuntimeSettings' because the file '/home/oliver/Git/UnrealEngine/Engine/Binaries/Linux/' was not found.
[2014.08.25-17.25.02:197][  0]LogModuleManager:Warning: ModuleManager: Unable to load module 'IOSPlatformEditor' because the file '/home/oliver/Git/UnrealEngine/Engine/Binaries/Linux/' was not found.
[2014.08.25-17.25.03:815][  0]LogConsoleResponse:Display: 
[2014.08.25-17.25.05:721][  0]SourceControl: Info Source control is disabled
[2014.08.25-17.25.05:721][  0]Cmd: MAP LOAD FILE="../../../../ProjectSky.Unreal/ProjectSky/Content/Maps/Example_Map.umap" TEMPLATE=0 SHOWPROGRESS=1
[2014.08.25-17.25.05:741][  0]LightingResults: New page: Lighting Build
[2014.08.25-17.25.05:918][  0]MapCheck: New page: Map Check
[2014.08.25-17.25.05:918][  0]LightingResults: New page: Lighting Build
[2014.08.25-17.25.05:948][  0]LogParticles: Destroying 0 GPU particle simulations for FXSystem 0x0x9739660
[2014.08.25-17.25.06:350][  0]LogMaterial: Missing cached shader map for material AntiAliasedTextMaterialTranslucent, compiling.
[2014.08.25-17.25.08:170][  0]LogTexture:Display: Building textures: HQ_Lightmap1_1 (AutoDXT)
[2014.08.25-17.25.14:298][  0]LogTexture:Display: Building textures: HQ_Lightmap1_2 (AutoDXT)
[2014.08.25-17.25.14:746][  0]LogTexture:Display: Building textures: LQ_Lightmap_1_1 (DXT1)
[2014.08.25-17.25.18:296][  0]LogTexture:Display: Building textures: LQ_Lightmap_1_2 (DXT1)
[2014.08.25-17.25.18:399][  0]LogTexture:Display: Building textures: ShadowMapTexture2D_2 (BGRA8)
[2014.08.25-17.25.18:434][  0]LogTexture:Display: Building textures: ShadowMapTexture2D_3 (BGRA8)
[2014.08.25-17.25.18:508][  0]LogEditorServer: Finished looking for orphan Actors (0.000 secs)
[2014.08.25-17.25.18:509][  0]LogAIModule: Creating AISystem for world Example_Map
[2014.08.25-17.25.18:510][  0]Cmd: MAP CHECKDEP
[2014.08.25-17.25.18:511][  0]MapCheck: New page: Example_Map - 26 Aug 2014 9:25:18 am
[2014.08.25-17.25.18:588][  0]MapCheck: Info ========== Map Check: 0 Error(s), 0 Warning(s), [77.031ms] ==========
[2014.08.25-17.25.18:588][  0]LogFileHelpers: Loading map 'Example_Map' took 12.867
[2014.08.25-17.25.20:007][  0]LogCollectionManager: Loaded 0 collections in 0.000813 seconds
[2014.08.25-17.25.21:437][  0]LogCrashTracker: Crashtracker disabled due to settings.
[2014.08.25-17.25.21:786][  0]LogInit: Using libcurl 7.34.0
[2014.08.25-17.25.21:791][  0]LogInit:  - built for x86_64-unknown-linux-gnu
[2014.08.25-17.25.21:791][  0]LogInit:  - supports SSL with OpenSSL/1.0.1f
[2014.08.25-17.25.21:791][  0]LogInit:  - other features:
[2014.08.25-17.25.21:791][  0]LogInit:      CURL_VERSION_SSL
[2014.08.25-17.25.21:792][  0]LogInit:      CURL_VERSION_IPV6
[2014.08.25-17.25.21:792][  0]LogInit:      CURL_VERSION_ASYNCHDNS
[2014.08.25-17.25.21:792][  0]LogInit:      CURL_VERSION_LARGEFILE
[2014.08.25-17.25.21:792][  0]LogInit:      CURL_VERSION_TLSAUTH_SRP
[2014.08.25-17.25.21:792][  0]LogInit: Libcurl will NOT reuse connections
[2014.08.25-17.25.21:826][  0]LogLoad: Full Startup: 42.09 seconds (BP compile: 0.09 seconds)
[2014.08.25-17.25.22:501][  1]LogRenderer:Warning: Reallocating scene render targets to support 776x600.
[2014.08.25-17.25.25:615][  5]LogAssetRegistry: Asset discovery search completed in 35.3361 seconds
[2014.08.25-17.25.32:732][348]LogModuleManager:Warning: STUBBED: solution file path for Linux
[2014.08.25-17.25.39:632][634]LightingResults: New page: Lighting Build
[2014.08.25-17.25.39:633][634]MapCheck: New page: Map Check
[2014.08.25-17.25.39:633][634]LightingResults: New page: Lighting Build
[2014.08.25-17.25.39:668][634]LogParticles: Destroying 0 GPU particle simulations for FXSystem 0x0x7fe018550f60
[2014.08.25-17.25.39:674][634]LogAIModule: Creating AISystem for world NewWorld
[2014.08.25-17.25.39:676][634]LoadErrors: New page: New Map
[2014.08.25-17.25.45:130][242]LogModuleManager:Warning: STUBBED: solution file path for Linux
[2014.08.25-17.25.48:205][573]LogDesktopPlatform:Warning: FileDialogShared DialogTitle: Save As, DefaultPath: ../../../../ProjectSky.Unreal/ProjectSky/Content/Maps, DefaultFile: , FileTypes: Map files (*.umap)|*.umap|All files (*.*)|*.*, Flags: 0
[2014.08.25-17.26.04:541][573]Cmd: OBJ SAVEPACKAGE PACKAGE="/Game/Maps/opencvTest" FILE="../../../../ProjectSky.Unreal/ProjectSky/Content/Maps/opencvTest.umap" SILENT=true AUTOSAVING=false KEEPDIRTY=false
[2014.08.25-17.26.04:654][573]LogSavePackage: Save=57.762001ms
[2014.08.25-17.26.04:654][573]LogSavePackage: Moving '../../../../ProjectSky.Unreal/ProjectSky/Saved/opencvTest0001001A00040008001A025551149831.tmp' to '../../../../ProjectSky.Unreal/ProjectSky/Content/Maps/opencvTest.umap'
[2014.08.25-17.26.04:683][573]LogFileHelpers: Saving map 'opencvTest' took 2.451
[2014.08.25-17.27.12:647][518]LogModuleManager:Warning: STUBBED: solution file path for Linux
[2014.08.25-17.27.15:378][804]LogModuleManager:Warning: STUBBED: solution file path for Linux
[2014.08.25-17.27.33:431][468]LogRenderer:Warning: Reallocating scene render targets to support 992x600.
[2014.08.25-17.28.12:741][558]LogEditorViewport: Clicking Background
[2014.08.25-17.32.58:094][460]LogRenderer:Warning: Reallocating scene render targets to support 992x624.
[2014.08.25-17.33.13:836][151]Cmd: QUIT_EDITOR
[2014.08.25-17.33.13:908][151]LogExit: Preparing to exit.
[2014.08.25-17.33.14:548][151]LogExit: Editor shut down
[2014.08.25-17.33.14:549][151]LogExit: Transaction tracking system shut down
[2014.08.25-17.33.14:550][151]LogParticles: Destroying 0 GPU particle simulations for FXSystem 0x0x8eb5380
[2014.08.25-17.33.14:574][151]LogExit: Object subsystem successfully closed.
[2014.08.25-17.33.14:654][151]LogModuleManager: Shutting down and abandoning module NewLevelDialog (146)
[2014.08.25-17.33.14:654][151]LogModuleManager: Shutting down and abandoning module HTTP (145)
[2014.08.25-17.33.14:656][151]LogModuleManager: Shutting down and abandoning module CrashTracker (144)
[2014.08.25-17.33.14:656][151]LogModuleManager: Shutting down and abandoning module SuperSearch (143)
[2014.08.25-17.33.14:656][151]LogModuleManager: Shutting down and abandoning module SceneOutliner (142)
[2014.08.25-17.33.14:657][151]LogModuleManager: Shutting down and abandoning module EditorWidgets (141)
[2014.08.25-17.33.14:657][151]LogModuleManager: Shutting down and abandoning module CollectionManager (140)
[2014.08.25-17.33.14:657][151]LogModuleManager: Shutting down and abandoning module StatsViewer (139)
[2014.08.25-17.33.14:657][151]LogModuleManager: Shutting down and abandoning module FoliageEdit (138)
[2014.08.25-17.33.14:657][151]LogModuleManager: Shutting down and abandoning module LandscapeEditor (137)
[2014.08.25-17.33.14:658][151]LogModuleManager: Shutting down and abandoning module MeshPaint (136)
[2014.08.25-17.33.14:659][151]LogModuleManager: Shutting down and abandoning module ActorPickerMode (135)
[2014.08.25-17.33.14:659][151]LogModuleManager: Shutting down and abandoning module GeometryMode (134)
[2014.08.25-17.33.14:659][151]LogModuleManager: Shutting down and abandoning module TextureAlignMode (133)
[2014.08.25-17.33.14:659][151]LogModuleManager: Shutting down and abandoning module BspMode (132)
[2014.08.25-17.33.14:659][151]LogModuleManager: Shutting down and abandoning module PlacementMode (131)
[2014.08.25-17.33.14:659][151]LogModuleManager: Shutting down and abandoning module AutomationWorker (130)
[2014.08.25-17.33.14:659][151]LogModuleManager: Shutting down and abandoning module EditorLiveStreaming (129)
[2014.08.25-17.33.14:660][151]LogModuleManager: Shutting down and abandoning module BehaviorTreeEditor (128)
[2014.08.25-17.33.14:660][151]LogModuleManager: Shutting down and abandoning module DeviceProfileEditor (127)
[2014.08.25-17.33.14:660][151]LogModuleManager: Shutting down and abandoning module UndoHistory (126)
[2014.08.25-17.33.14:660][151]LogModuleManager: Shutting down and abandoning module GameplayTagsEditor (125)
[2014.08.25-17.33.14:660][151]LogModuleManager: Shutting down and abandoning module UserFeedback (124)
[2014.08.25-17.33.14:660][151]LogModuleManager: Shutting down and abandoning module XmlParser (123)
[2014.08.25-17.33.14:660][151]LogModuleManager: Shutting down and abandoning module Blutility (122)
[2014.08.25-17.33.14:660][151]LogModuleManager: Shutting down and abandoning module ProjectTargetPlatformEditor (117)
[2014.08.25-17.33.14:660][151]LogModuleManager: Shutting down and abandoning module ProjectSettingsViewer (116)
[2014.08.25-17.33.14:660][151]LogModuleManager: Shutting down and abandoning module InputBindingEditor (115)
[2014.08.25-17.33.14:661][151]LogModuleManager: Shutting down and abandoning module EditorSettingsViewer (114)
[2014.08.25-17.33.14:661][151]LogModuleManager: Shutting down and abandoning module SettingsEditor (113)
[2014.08.25-17.33.14:661][151]LogModuleManager: Shutting down and abandoning module SessionLauncher (112)
[2014.08.25-17.33.14:661][151]LogModuleManager: Shutting down and abandoning module SessionFrontend (111)
[2014.08.25-17.33.14:661][151]LogModuleManager: Shutting down and abandoning module ProfilerClient (110)
[2014.08.25-17.33.14:661][151]LogModuleManager: Shutting down and abandoning module TargetDeviceServices (109)
[2014.08.25-17.33.14:661][151]LogModuleManager: Shutting down and abandoning module DeviceManager (108)
[2014.08.25-17.33.14:661][151]LogModuleManager: Shutting down and abandoning module AutomationController (107)
[2014.08.25-17.33.14:661][151]LogModuleManager: Shutting down and abandoning module AutomationWindow (106)
[2014.08.25-17.33.14:661][151]LogModuleManager: Shutting down and abandoning module Layers (105)
[2014.08.25-17.33.14:662][151]LogModuleManager: Shutting down and abandoning module ComponentVisualizers (104)
[2014.08.25-17.33.14:662][151]LogModuleManager: Shutting down and abandoning module DetailCustomizations (103)
[2014.08.25-17.33.14:662][151]LogModuleManager: Shutting down and abandoning module PackagesDialog (102)
[2014.08.25-17.33.14:662][151]LogModuleManager: Shutting down and abandoning module Persona (101)
[2014.08.25-17.33.14:662][151]LogModuleManager: Shutting down and abandoning module GraphEditor (100)
[2014.08.25-17.33.14:662][151]LogModuleManager: Shutting down and abandoning module ClassViewer (99)
[2014.08.25-17.33.14:662][151]LogModuleManager: Shutting down and abandoning module Toolbox (98)
[2014.08.25-17.33.14:662][151]LogModuleManager: Shutting down and abandoning module ModuleUI (97)
[2014.08.25-17.33.14:662][151]LogModuleManager: Shutting down and abandoning module Sequencer (96)
[2014.08.25-17.33.14:662][151]LogModuleManager: Shutting down and abandoning module MovieSceneTools (95)
[2014.08.25-17.33.14:662][151]LogModuleManager: Shutting down and abandoning module OutputLog (94)
[2014.08.25-17.33.14:662][151]LogModuleManager: Shutting down and abandoning module GammaUI (93)
[2014.08.25-17.33.14:662][151]LogModuleManager: Shutting down and abandoning module Documentation (92)
[2014.08.25-17.33.14:662][151]LogModuleManager: Shutting down and abandoning module GameLiveStreaming (91)
[2014.08.25-17.33.14:662][151]LogModuleManager: Shutting down and abandoning module DesktopPlatform (90)
[2014.08.25-17.33.14:663][151]LogModuleManager: Shutting down and abandoning module StreamingPauseRendering (89)
[2014.08.25-17.33.14:663][151]LogModuleManager: Shutting down and abandoning module AnalyticsET (88)
[2014.08.25-17.33.14:663][151]LogModuleManager: Shutting down and abandoning module Analytics (87)
[2014.08.25-17.33.14:663][151]LogModuleManager: Shutting down and abandoning module GameplayDebugger (86)
[2014.08.25-17.33.14:663][151]LogModuleManager: Shutting down and abandoning module AIModule (85)
[2014.08.25-17.33.14:663][151]LogModuleManager: Shutting down and abandoning module ProfilerService (84)
[2014.08.25-17.33.14:828][151]LogModuleManager: Shutting down and abandoning module TaskGraph (83)
[2014.08.25-17.33.14:828][151]LogModuleManager: Shutting down and abandoning module BlankPlugin (82)
[2014.08.25-17.33.14:828][151]LogModuleManager: Shutting down and abandoning module UObjectPlugin (81)
[2014.08.25-17.33.14:828][151]LogModuleManager: Shutting down and abandoning module SubversionSourceControl (80)
[2014.08.25-17.33.14:829][151]LogModuleManager: Shutting down and abandoning module SourceControl (79)
[2014.08.25-17.33.14:829][151]LogModuleManager: Shutting down and abandoning module PerforceSourceControl (78)
[2014.08.25-17.33.14:829][151]LogModuleManager: Shutting down and abandoning module CableComponent (77)
[2014.08.25-17.33.14:829][151]LogModuleManager: Shutting down and abandoning module CustomMeshComponent (76)
[2014.08.25-17.33.14:829][151]LogModuleManager: Shutting down and abandoning module SlateRemote (75)
[2014.08.25-17.33.14:829][151]LogModuleManager: Shutting down and abandoning module ViewportSnapping (74)
[2014.08.25-17.33.14:829][151]LogModuleManager: Shutting down and abandoning module SmartSnapping (73)
[2014.08.25-17.33.14:830][151]LogModuleManager: Shutting down and abandoning module PaperTiledImporter (72)
[2014.08.25-17.33.14:830][151]LogModuleManager: Shutting down and abandoning module PaperJsonImporter (71)
[2014.08.25-17.33.14:830][151]LogModuleManager: Shutting down and abandoning module GameProjectGeneration (70)
[2014.08.25-17.33.14:830][151]LogModuleManager: Shutting down and abandoning module Matinee (69)
[2014.08.25-17.33.14:830][151]LogModuleManager: Shutting down and abandoning module Kismet (68)
[2014.08.25-17.33.14:830][151]LogModuleManager: Shutting down and abandoning module SlateReflector (67)
[2014.08.25-17.33.14:830][151]LogModuleManager: Shutting down and abandoning module LevelEditor (66)
[2014.08.25-17.33.14:832][151]LogModuleManager: Shutting down and abandoning module IntroTutorials (65)
[2014.08.25-17.33.14:833][151]LogModuleManager: Shutting down and abandoning module ContentBrowser (64)
[2014.08.25-17.33.14:833][151]LogModuleManager: Shutting down and abandoning module PropertyEditor (63)
[2014.08.25-17.33.14:833][151]LogModuleManager: Shutting down and abandoning module AssetTools (62)
[2014.08.25-17.33.14:834][151]LogModuleManager: Shutting down and abandoning module Paper2DEditor (61)
[2014.08.25-17.33.14:834][151]LogModuleManager: Shutting down and abandoning module MessagingDebugger (60)
[2014.08.25-17.33.14:834][151]LogModuleManager: Shutting down and abandoning module MainFrame (59)
[2014.08.25-17.33.14:835][151]LogModuleManager: Shutting down and abandoning module EpicSurvey (58)
[2014.08.25-17.33.14:835][151]LogModuleManager: Shutting down and abandoning module PluginsEditor (57)
[2014.08.25-17.33.14:835][151]LogModuleManager: Shutting down and abandoning module SpeedTreeImporter (56)
[2014.08.25-17.33.14:835][151]LogModuleManager: Shutting down and abandoning module DirectoryWatcher (55)
[2014.08.25-17.33.14:844][151]LogModuleManager: Shutting down and abandoning module AssetRegistry (54)
[2014.08.25-17.33.14:950][151]LogModuleManager: Shutting down and abandoning module ProjectSky (53)
[2014.08.25-17.33.14:951][151]LogModuleManager: Shutting down and abandoning module QtCreatorSourceCodeAccess (52)
[2014.08.25-17.33.14:951][151]LogModuleManager: Shutting down and abandoning module Paper2D (51)
[2014.08.25-17.33.14:951][151]LogModuleManager: Shutting down and abandoning module UdpMessaging (50)
[2014.08.25-17.33.15:051][151]LogModuleManager: Shutting down and abandoning module ImageWrapper (49)
[2014.08.25-17.33.15:051][151]LogModuleManager: Shutting down and abandoning module OnlineBlueprintSupport (48)
[2014.08.25-17.33.15:052][151]LogModuleManager: Shutting down and abandoning module FunctionalTesting (47)
[2014.08.25-17.33.15:052][151]LogModuleManager: Shutting down and abandoning module CollisionAnalyzer (46)
[2014.08.25-17.33.15:052][151]LogModuleManager: Shutting down and abandoning module WorkspaceMenuStructure (45)
[2014.08.25-17.33.15:052][151]LogModuleManager: Shutting down and abandoning module MessageLog (44)
[2014.08.25-17.33.15:052][151]LogModuleManager: Shutting down and abandoning module UMGEditor (43)
[2014.08.25-17.33.15:053][151]LogModuleManager: Shutting down and abandoning module UMG (42)
[2014.08.25-17.33.15:053][151]LogModuleManager: Shutting down and abandoning module Slate (41)
[2014.08.25-17.33.15:053][151]LogModuleManager: Shutting down and abandoning module EditorStyle (40)
[2014.08.25-17.33.15:056][151]LogModuleManager: Shutting down and abandoning module SessionServices (39)
[2014.08.25-17.33.15:057][151]LogModuleManager: Shutting down and abandoning module Messaging (38)
[2014.08.25-17.33.15:057][151]LogModuleManager: Shutting down and abandoning module SourceCodeAccess (37)
[2014.08.25-17.33.15:057][151]LogModuleManager: Shutting down and abandoning module HeadMountedDisplay (36)
[2014.08.25-17.33.15:057][151]LogModuleManager: Shutting down and abandoning module ALAudio (34)
[2014.08.25-17.33.15:057][151]LogModuleManager: Shutting down and abandoning module Networking (32)
[2014.08.25-17.33.15:057][151]LogModuleManager: Shutting down and abandoning module Core (31)
[2014.08.25-17.33.15:057][151]LogModuleManager: Shutting down and abandoning module KismetCompiler (30)
[2014.08.25-17.33.15:057][151]LogModuleManager: Shutting down and abandoning module PhysXFormats (29)
[2014.08.25-17.33.15:057][151]LogModuleManager: Shutting down and abandoning module MeshUtilities (28)
[2014.08.25-17.33.15:057][151]LogModuleManager: Shutting down and abandoning module DerivedDataCache (27)
[2014.08.25-17.33.15:063][151]LogDerivedDataCache: Shutdown
[2014.08.25-17.33.15:063][151]LogModuleManager: Shutting down and abandoning module ShaderFormatOpenGL (26)
[2014.08.25-17.33.15:063][151]LogModuleManager: Shutting down and abandoning module TextureFormatPVR (25)
[2014.08.25-17.33.15:063][151]LogModuleManager: Shutting down and abandoning module TextureFormatUncompressed (24)
[2014.08.25-17.33.15:063][151]LogModuleManager: Shutting down and abandoning module TextureFormatDXT (23)
[2014.08.25-17.33.15:063][151]LogModuleManager: Shutting down and abandoning module AudioFormatOpus (22)
[2014.08.25-17.33.15:063][151]LogModuleManager: Shutting down and abandoning module AudioFormatOgg (21)
[2014.08.25-17.33.15:063][151]LogModuleManager: Shutting down and abandoning module LinuxServerTargetPlatform (20)
[2014.08.25-17.33.15:063][151]LogModuleManager: Shutting down and abandoning module LinuxTargetPlatform (19)
[2014.08.25-17.33.15:063][151]LogModuleManager: Shutting down and abandoning module LinuxNoEditorTargetPlatform (18)
[2014.08.25-17.33.15:063][151]LogModuleManager: Shutting down and abandoning module TargetPlatform (17)
[2014.08.25-17.33.15:063][151]LogModuleManager: Shutting down and abandoning module InputCore (16)
[2014.08.25-17.33.15:063][151]LogModuleManager: Shutting down and abandoning module Settings (15)
[2014.08.25-17.33.15:064][151]LogModuleManager: Shutting down and abandoning module ExampleDeviceProfileSelector (12)
[2014.08.25-17.33.15:064][151]LogModuleManager: Shutting down and abandoning module TextureCompressor (11)
[2014.08.25-17.33.15:064][151]LogModuleManager: Shutting down and abandoning module ShaderCore (10)
[2014.08.25-17.33.15:064][151]LogModuleManager: Shutting down and abandoning module OpenGLDrv (9)
[2014.08.25-17.33.15:064][151]LogModuleManager: Shutting down and abandoning module SlateRHIRenderer (8)
[2014.08.25-17.33.15:064][151]LogModuleManager: Shutting down and abandoning module Renderer (7)
[2014.08.25-17.33.15:064][151]LogModuleManager: Shutting down and abandoning module Engine (6)
[2014.08.25-17.33.15:064][151]LogModuleManager: Shutting down and abandoning module CoreUObject (5)
[2014.08.25-17.33.15:064][1